  İndixtoPosfix.cpp
c:\users\bariş\source\repos\İnfixtoposfix\İnfixtoposfix\İndixtoposfix.cpp(16): warning C4267: '=': 'size_t' - 'int' dönüşümü; veri kaybı olabilir
  İnfixtoPosfix.vcxproj -> C:\Users\BARIŞ\source\repos\İnfixtoPosfix\x64\Debug\İnfixtoPosfix.exe

Proje Performansı Özeti:
     1406 ms  C:\Users\BARIŞ\source\repos\İnfixtoPosfix\İnfixtoPosfix\İnfixtoPosfix.vcxproj   1 çağrı
               1406 ms  Build                                      1 çağrı

Hedef Performans Özeti:
        0 ms  AfterResourceCompile                       1 çağrı
        0 ms  PreLinkEvent                               1 çağrı
        0 ms  MakeDirsForLink                            1 çağrı
        0 ms  PrepareResourceNames                       1 çağrı
        0 ms  CreateCustomManifestResourceNames          1 çağrı
        0 ms  ComputeManifestInputsTargets               1 çağrı
        0 ms  ComputeLinkInputsFromProject               1 çağrı
        0 ms  ComputeCLGeneratedLinkInputs               1 çağrı
        0 ms  ComputeCustomBuildOutput                   1 çağrı
        0 ms  ComputeManifestGeneratedLinkerInputs       1 çağrı
        0 ms  AfterLink                                  1 çağrı
        0 ms  ComputeRCGeneratedLinkInputs               1 çağrı
        0 ms  BeforeLink                                 1 çağrı
        0 ms  ComputeLegacyManifestEmbedding             1 çağrı
        0 ms  BuildLinkTraverse                          1 çağrı
        0 ms  BuildCompile                               1 çağrı
        0 ms  _BuildCompileAction                        1 çağrı
        0 ms  _ResourceCompile                           1 çağrı
        0 ms  MakeDirsForResourceCompile                 1 çağrı
        0 ms  BeforeResourceCompile                      1 çağrı
        0 ms  _ClCompile                                 1 çağrı
        0 ms  ComputeRCOutputs                           1 çağrı
        0 ms  AfterClCompile                             1 çağrı
        0 ms  _Link                                      1 çağrı
        0 ms  _Manifest                                  1 çağrı
        0 ms  AfterBuild                                 1 çağrı
        0 ms  BuildLink                                  1 çağrı
        0 ms  _BuildLinkAction                           1 çağrı
        0 ms  PostBuildEvent                             1 çağrı
        0 ms  PrepareForRun                              1 çağrı
        0 ms  CopyFilesToOutputDirectory                 1 çağrı
        0 ms  _CheckForCompileOutputs                    1 çağrı
        0 ms  _CopySourceItemsToOutputDirectory          1 çağrı
        0 ms  GetCopyToOutputDirectoryXamlAppDefs        1 çağrı
        0 ms  _ALink                                     1 çağrı
        0 ms  _Deploy                                    1 çağrı
        0 ms  CreateSatelliteAssemblies                  1 çağrı
        0 ms  _GenerateSatelliteAssemblyInputs           1 çağrı
        0 ms  _BscMake                                   1 çağrı
        0 ms  MakeDirsForBscMake                         1 çağrı
        0 ms  ComputeCLCompileGeneratedSbrFiles          1 çağrı
        0 ms  _XdcMake                                   1 çağrı
        0 ms  MakeDirsForXdcMake                         1 çağrı
        0 ms  ComputeCLCompileGeneratedXDCFiles          1 çağrı
        0 ms  ResolvedXDCMake                            1 çağrı
        0 ms  _Appverifier                               1 çağrı
        0 ms  SelectClCompile                            1 çağrı
        0 ms  Build                                      1 çağrı
        0 ms  PreBuildEvent                              1 çağrı
        0 ms  _PrepareForReferenceResolution             1 çağrı
        0 ms  PlatformPrepareForBuild                    1 çağrı
        0 ms  _SelectedFiles                             1 çağrı
        0 ms  PrepareProjectReferences                   1 çağrı
        0 ms  BeforeBuildGenerateSources                 1 çağrı
        0 ms  BuildGenerateSourcesTraverse               1 çağrı
        0 ms  ResolveSDKReferences                       1 çağrı
        0 ms  SelectCustomBuild                          1 çağrı
        0 ms  ResolveReferences                          1 çağrı
        0 ms  AfterResolveReferences                     1 çağrı
        0 ms  ResolveAssemblyReferences                  1 çağrı
        0 ms  SetCABuildNativeEnvironmentVariables       1 çağrı
        0 ms  _SplitProjectReferencesByFileExistence     1 çağrı
        0 ms  ExpandSDKReferences                        1 çağrı
        0 ms  BeforeResolveReferences                    1 çağrı
        0 ms  MakeDirsForMidl                            1 çağrı
        0 ms  _Xsd                                       1 çağrı
        0 ms  ComputeMIDLGeneratedCompileInputs          1 çağrı
        0 ms  ComputeCLInputPDBName                      1 çağrı
        0 ms  GetReferenceAssemblyPaths                  1 çağrı
        0 ms  BeforeClCompile                            1 çağrı
        0 ms  GetResolvedWinMD                           1 çağrı
        0 ms  BuildCompileTraverse                       1 çağrı
        0 ms  BuildGenerateSources                       1 çağrı
        0 ms  WarnCompileDuplicatedFilename              1 çağrı
        0 ms  AfterBuildGenerateSourcesEvent             1 çağrı
        0 ms  AfterBuildGenerateSources                  1 çağrı
        0 ms  MakeDirsForCl                              1 çağrı
        0 ms  _Midl                                      1 çağrı
        0 ms  AfterMidl                                  1 çağrı
        0 ms  _BuildGenerateSourcesAction                1 çağrı
        1 ms  GetFrameworkPaths                          1 çağrı
        1 ms  ComputeLinkImportLibraryOutputsForClean    1 çağrı
        1 ms  _CheckWindowsSDKInstalled                  1 çağrı
        1 ms  _GetProjectReferenceTargetFrameworkProperties   1 çağrı
        1 ms  AssignTargetPaths                          1 çağrı
        1 ms  FixupCLCompileOptions                      1 çağrı
        1 ms  ComputeReferenceCLInput                    1 çağrı
        1 ms  _PrepareForBuild                           1 çağrı
        1 ms  GetCopyToOutputDirectoryItems              1 çağrı
        1 ms  DoLinkOutputFilesMatch                     1 çağrı
        1 ms  SplitResourcesByCulture                    1 çağrı
        1 ms  AfterBuildCompileEvent                     1 çağrı
        1 ms  RegisterOutput                             1 çağrı
        1 ms  ComputeCLOutputs                           1 çağrı
        1 ms  ComputeLinkSwitches                        1 çağrı
        1 ms  SetBuildDefaultEnvironmentVariables        1 çağrı
        3 ms  FinalizeBuildStatus                        1 çağrı
        4 ms  SetTelemetryEnvironmentVariables           1 çağrı
        4 ms  CopyFileToFolders                          1 çağrı
        5 ms  PrepareForBuild                            1 çağrı
        6 ms  InitializeBuildStatus                      1 çağrı
        8 ms  _CheckForInvalidConfigurationAndPlatform   1 çağrı
        9 ms  AssignProjectConfiguration                 1 çağrı
       14 ms  ResolveProjectReferences                   1 çağrı
       15 ms  _HandlePackageFileConflicts                1 çağrı
      539 ms  Link                                       1 çağrı
      777 ms  ClCompile                                  1 çağrı

Görev Performansı Özeti:
        0 ms  MSBuild                                    1 çağrı
        0 ms  AssignCulture                              1 çağrı
        1 ms  SetEnv                                     8 çağrı
        1 ms  AssignTargetPath                           6 çağrı
        1 ms  MakeDir                                    9 çağrı
        1 ms  WriteLinesToFile                           1 çağrı
        1 ms  ReadLinesFromFile                          1 çağrı
        1 ms  AssignProjectConfiguration                 1 çağrı
        1 ms  Delete                                     1 çağrı
        1 ms  Message                                    3 çağrı
        4 ms  GetOutOfDateItems                          1 çağrı
        5 ms  Touch                                      2 çağrı
       12 ms  ResolvePackageFileConflicts                1 çağrı
      539 ms  Link                                       1 çağrı
      777 ms  CL                                         1 çağrı
